0 info it worked if it ends with ok
1 verbose cli [ 'C:\\Program Files (x86)\\nodejs\\node.exe',
1 verbose cli   'C:\\Program Files (x86)\\nodejs\\node_modules\\npm\\bin\\npm-cli.js',
1 verbose cli   'run',
1 verbose cli   'start:dev' ]
2 info using npm@4.0.5
3 info using node@v7.4.0
4 verbose run-script [ 'prestart:dev', 'start:dev', 'poststart:dev' ]
5 info lifecycle adress-book@0.0.1~prestart:dev: adress-book@0.0.1
6 silly lifecycle adress-book@0.0.1~prestart:dev: no script for prestart:dev, continuing
7 info lifecycle adress-book@0.0.1~start:dev: adress-book@0.0.1
8 verbose lifecycle adress-book@0.0.1~start:dev: unsafe-perm in lifecycle true
9 verbose lifecycle adress-book@0.0.1~start:dev: PATH: C:\Program Files (x86)\nodejs\node_modules\npm\bin\node-gyp-bin;C:\Users\Administrateur\Desktop\FormJS\formation_js_fullstack\AdressBook\node_modules\.bin;C:\Ruby22\bin;C:\Python34\Lib\site-packages\PyQt5;C:\Python34\;C:\Python34\Scripts;C:\ProgramData\Oracle\Java\javapath;C:\Windows\system32;C:\Windows;C:\Windows\System32\Wbem;C:\Windows\System32\WindowsPowerShell\v1.0\;C:\Program Files\Java\jdk1.8.0_31\bin;C:\Program Files (x86)\MySQL\MySQL Utilities 1.3.6\;C:\apache-ant-1.9.4\bin;C:\Program Files (x86)\Rational\common;C:\Program Files (x86)\Windows Kits\8.1\Windows Performance Toolkit\;C:\Program Files\nodejs\;C:\Program Files (x86)\adt-bundle-windows-x86-20131030\sdk\tools;C:\Program Files (x86)\adt-bundle-windows-x86-20131030\sdk\platform-tools;C:\npm;C:\Program Files\MySQL\MySQL Server 5.6\bin;C:\activator-1.2.12;C:\Program Files\TortoiseSVN\bin;C:\Program Files\jEdit;C:\Program Files\Amazon\AWSCLI\;C:\Program Files\Google\Cloud SDK\google-cloud-sdk\bin;C:\MinGW\bin;C:\Program Files (x86)\Bitvise SSH Client;C:\Program Files\Docker Toolbox;C:\Program Files\Git\cmd;C:\Program Files (x86)\nodejs\;C:\Users\Administrateur\AppData\Roaming\npm;C:\Program Files (x86)\Microsoft VS Code\bin
10 verbose lifecycle adress-book@0.0.1~start:dev: CWD: C:\Users\Administrateur\Desktop\FormJS\formation_js_fullstack\AdressBook
11 silly lifecycle adress-book@0.0.1~start:dev: Args: [ '/d /s /c', 'nodemon server' ]
12 verbose stack Error: kill ENOSYS
12 verbose stack     at exports._errnoException (util.js:1022:11)
12 verbose stack     at process.kill (internal/process.js:173:13)
12 verbose stack     at process.listener (C:\Program Files (x86)\nodejs\node_modules\npm\node_modules\npmlog\node_modules\gauge\node_modules\signal-exit\index.js:86:15)
12 verbose stack     at emitNone (events.js:91:20)
12 verbose stack     at process.emit (events.js:185:7)
12 verbose stack     at processEmit (C:\Program Files (x86)\nodejs\node_modules\npm\node_modules\npmlog\node_modules\gauge\node_modules\signal-exit\index.js:146:32)
12 verbose stack     at processEmit (C:\Program Files (x86)\nodejs\node_modules\npm\node_modules\npm-registry-client\node_modules\npmlog\node_modules\gauge\node_modules\signal-exit\index.js:146:32)
12 verbose stack     at Signal.wrap.onsignal (internal/process.js:200:44)
13 verbose cwd C:\Users\Administrateur\Desktop\FormJS\formation_js_fullstack\AdressBook
14 error Windows_NT 6.1.7601
15 error argv "C:\\Program Files (x86)\\nodejs\\node.exe" "C:\\Program Files (x86)\\nodejs\\node_modules\\npm\\bin\\npm-cli.js" "run" "start:dev"
16 error node v7.4.0
17 error npm  v4.0.5
18 error code ENOSYS
19 error errno ENOSYS
20 error syscall kill
21 error kill ENOSYS
22 error If you need help, you may report this error at:
22 error     <https://github.com/npm/npm/issues>
23 verbose exit [ 1, true ]
